Quantitative experiments
Current time: 22:45:02.444677
/data/glove_300_10
/data/glove_100_10
/data/glove_300_3
/data/glove_300_6
Current time: 22:45:02.445156
Loading model from: /data/glove_300_10
Loading W model...
Loading C model...
**** SIMILARITY ****
FA: similarity calculation...
0 pairs processed!
['tiger', 'cat', '7.35']
word0 = tiger
word1 = cat
(203, 7)
0.38050443592497707
               Wordpair  GoldSimilarity        WW        CC        BB  \
0             tiger-cat            7.35  0.245436  0.281240  0.311784   
1           tiger-tiger           10.00  1.000000  1.000000  1.000000   
2             plane-car            5.77  0.276408  0.318583  0.241623   
3             train-car            6.31  0.468763  0.478761  0.496387   
4      television-radio            6.77  0.697079  0.717110  0.758695   
5           media-radio            7.42  0.507308  0.511435  0.551954   
6          bread-butter            6.19  0.230898  0.247416  0.409545   
7       cucumber-potato            5.92  0.043434  0.002658  0.130280   
8          doctor-nurse            7.00  0.261114  0.268931  0.371383   
9      professor-doctor            6.62  0.406741  0.364246  0.432335   
10    student-professor            6.81  0.342024  0.314830  0.349076   
11         smart-stupid            5.81  0.047326  0.092760  0.072955   
12          wood-forest            7.73  0.315919  0.352892  0.357912   
13           money-cash            9.15  0.474533  0.362312  0.485414   
14           king-queen            8.58  0.547528  0.596701  0.614365   
15            king-rook            5.92  0.072318  0.041584  0.130137   
16         bishop-rabbi            6.69  0.131325  0.090265  0.130974   
17             fuck-sex            9.44 -0.028835 -0.066288 -0.131470   
18      football-soccer            9.03  0.409430  0.376644  0.531653   
19  football-basketball            6.81  0.568076  0.547902  0.683172   

          WC        CW  predicted  
0   0.107393  0.163773   6.360812  
1   0.293902  0.293902  10.623620  
2   0.029121  0.066495   4.383693  
3   0.235833  0.256666   6.543707  
4   0.554991  0.520707   6.349031  
5   0.399645  0.403919   5.788292  
6   0.263493  0.227068   8.591365  
7   0.187661  0.044694   6.075134  
8   0.186512  0.172251   7.715845  
9   0.205141  0.240867   7.045456  
10  0.202254  0.198324   5.733091  
11 -0.003682  0.022451   4.294782  
12  0.152330  0.156803   5.978400  
13  0.268482  0.269810   7.878766  
14  0.394865  0.388217   6.197879  
15  0.123026  0.112780   5.555174  
16  0.065754  0.032030   5.251123  
17 -0.135446 -0.066499   2.311018  
18  0.345835  0.290393   8.636288  
19  0.382769  0.399873   9.129129  

Correlation bw AllReg and gold:SpearmanrResult(correlation=0.6299612528923089, pvalue=7.584991169745349e-24)
 Correlation bw WW and gold:0.45531985735309033
 Correlation bw CC and gold:0.38899791583194965
 Correlation bw AA and gold:0.5247461905001083
 Correlation bw WC and gold:0.5069339545376749
 Correlation bw CW and gold:0.5190595877251648
**** RELATEDNESS ****
FA: similarity calculation...
0 pairs processed!
['computer', 'keyboard', '7.62']
word0 = computer
word1 = keyboard
(252, 7)
0.2537885096146142
               Wordpair  GoldSimilarity        WW        CC        BB  \
0     computer-keyboard            7.62  0.253794  0.177594  0.264174   
1      jerusalem-israel            8.46  0.409724  0.418854  0.422959   
2         planet-galaxy            8.11  0.290733  0.287262  0.329361   
3      canyon-landscape            7.53  0.153125  0.133173  0.139323   
4          opec-country            5.63 -0.053861  0.006094 -0.029495   
5            day-summer            3.94  0.523879  0.527936  0.562890   
6              day-dawn            7.53  0.138937  0.184198  0.222245   
7       country-citizen            7.31  0.166612  0.153568  0.200371   
8         planet-people            5.75  0.093581  0.137850  0.134898   
9   environment-ecology            8.81  0.252849  0.240062  0.310711   
10    maradona-football            8.62 -0.007267 -0.040017 -0.045651   
11             opec-oil            8.59 -0.045064 -0.117842  0.041578   
12           money-bank            8.50  0.241347  0.265033  0.313565   
13    computer-software            8.50  0.601620  0.651587  0.686147   
14           law-lawyer            8.38  0.247681  0.317440  0.289649   
15     weather-forecast            8.34  0.006281  0.037489  0.125687   
16     network-hardware            8.31  0.276152  0.260095  0.289526   
17   nature-environment            8.31  0.452431  0.441730  0.456742   
18    fbi-investigation            8.31  0.316930  0.374102  0.491278   
19         money-wealth            8.27  0.361096  0.334867  0.346589   

          WC        CW  predicted  
0   0.176063  0.151365   6.324142  
1   0.184893  0.218085   6.382374  
2   0.136879  0.088813   7.319043  
3  -0.009044  0.065460   5.331231  
4   0.010393 -0.037882   3.931142  
5   0.406171  0.418609   5.870721  
6   0.133567  0.163668   6.052109  
7   0.125409  0.110804   5.891858  
8   0.092119  0.077793   5.005966  
9   0.160063  0.198578   6.804481  
10 -0.026463 -0.048007   3.870344  
11  0.147300  0.112258   6.120130  
12  0.202497  0.184749   6.515597  
13  0.474322  0.434352   7.089218  
14  0.115441  0.171554   5.523848  
15  0.140817  0.113090   6.364864  
16  0.170726  0.139833   5.944092  
17  0.300077  0.240625   5.988993  
18  0.267753  0.292687   9.165722  
19  0.165847  0.117565   6.224890  

Correlation bw AllReg and gold:SpearmanrResult(correlation=0.5116392601939528, pvalue=3.2542651136627233e-18)
 Correlation bw WW and gold:0.3313694286421638
 Correlation bw CC and gold:0.3036391700554389
 Correlation bw AA and gold:0.40438416911144753
 Correlation bw WC and gold:0.42029679988992263
 Correlation bw CW and gold:0.4182387215096553
Current time: 22:45:42.848642
Current time: 22:45:42.848701
Loading model from: /data/glove_100_10
Loading W model...
Loading C model...
**** SIMILARITY ****
FA: similarity calculation...
0 pairs processed!
['tiger', 'cat', '7.35']
word0 = tiger
word1 = cat
(203, 7)
0.46911047357638364
               Wordpair  GoldSimilarity        WW        CC        BB  \
0             tiger-cat            7.35  0.396888  0.514028  0.491710   
1           tiger-tiger           10.00  1.000000  1.000000  1.000000   
2             plane-car            5.77  0.447986  0.451183  0.376218   
3             train-car            6.31  0.554875  0.592757  0.578574   
4      television-radio            6.77  0.825527  0.822963  0.828946   
5           media-radio            7.42  0.599857  0.591935  0.587203   
6          bread-butter            6.19  0.421096  0.536217  0.634396   
7       cucumber-potato            5.92  0.167670  0.101640  0.166804   
8          doctor-nurse            7.00  0.449653  0.460373  0.518096   
9      professor-doctor            6.62  0.566346  0.531136  0.573641   
10    student-professor            6.81  0.450439  0.390593  0.406319   
11         smart-stupid            5.81  0.251071  0.254017  0.269435   
12          wood-forest            7.73  0.418816  0.480190  0.402713   
13           money-cash            9.15  0.630630  0.678998  0.690894   
14           king-queen            8.58  0.705085  0.693924  0.702584   
15            king-rook            5.92  0.127658  0.109506  0.198360   
16         bishop-rabbi            6.69  0.363329  0.306279  0.295466   
17             fuck-sex            9.44 -0.051915 -0.042899 -0.162885   
18      football-soccer            9.03  0.659867  0.616814  0.723706   
19  football-basketball            6.81  0.709471  0.744715  0.800049   

          WC        CW  predicted  
0   0.220119  0.274610   7.522192  
1   0.449857  0.449857   9.739872  
2   0.138983  0.164764   4.936915  
3   0.379384  0.363512   6.558795  
4   0.696941  0.664637   6.462351  
5   0.485849  0.458960   5.547543  
6   0.424959  0.317231   9.763581  
7   0.098379  0.075514   5.210484  
8   0.276266  0.270042   7.774192  
9   0.359833  0.346686   6.907319  
10  0.286083  0.245306   5.212895  
11  0.123127  0.101491   5.798317  
12  0.233358  0.148711   5.242991  
13  0.485260  0.389049   7.529509  
14  0.493798  0.464867   6.763421  
15  0.208525  0.133409   5.713300  
16  0.089281  0.093336   5.127311  
17 -0.218564 -0.153072   1.810824  
18  0.561257  0.539416   7.893245  
19  0.539281  0.596719   8.519368  

Correlation bw AllReg and gold:SpearmanrResult(correlation=0.6949755913787974, pvalue=1.2945672212534494e-30)
 Correlation bw WW and gold:0.46879541314684214
 Correlation bw CC and gold:0.4624524983715109
 Correlation bw AA and gold:0.5979181643750218
 Correlation bw WC and gold:0.5973350150238577
 Correlation bw CW and gold:0.6088645878044381
**** RELATEDNESS ****
FA: similarity calculation...
0 pairs processed!
['computer', 'keyboard', '7.62']
word0 = computer
word1 = keyboard
(252, 7)
0.3038789127550371
               Wordpair  GoldSimilarity        WW        CC        BB  \
0     computer-keyboard            7.62  0.421186  0.470504  0.441250   
1      jerusalem-israel            8.46  0.553765  0.534513  0.526185   
2         planet-galaxy            8.11  0.345404  0.412999  0.370579   
3      canyon-landscape            7.53  0.179638  0.239848  0.171560   
4          opec-country            5.63 -0.034296 -0.074795 -0.049475   
5            day-summer            3.94  0.642356  0.633037  0.639467   
6              day-dawn            7.53  0.290861  0.265034  0.286107   
7       country-citizen            7.31  0.233760  0.265643  0.251312   
8         planet-people            5.75  0.201558  0.210255  0.222813   
9   environment-ecology            8.81  0.382968  0.478020  0.452273   
10    maradona-football            8.62 -0.001633  0.006710  0.002134   
11             opec-oil            8.59  0.070908 -0.051428  0.158535   
12           money-bank            8.50  0.442110  0.419228  0.424328   
13    computer-software            8.50  0.784884  0.757701  0.781783   
14           law-lawyer            8.38  0.320317  0.383091  0.345711   
15     weather-forecast            8.34  0.038336  0.133689  0.199944   
16     network-hardware            8.31  0.416110  0.443471  0.400153   
17   nature-environment            8.31  0.535684  0.574393  0.527851   
18    fbi-investigation            8.31  0.540414  0.507147  0.624357   
19         money-wealth            8.27  0.527349  0.442989  0.439299   

          WC        CW  predicted  
0   0.297401  0.274842   6.551336  
1   0.234194  0.284326   6.842457  
2   0.176778  0.202576   6.596602  
3   0.031144  0.053211   5.332105  
4   0.029818 -0.069001   3.969236  
5   0.521165  0.523625   6.274112  
6   0.196300  0.168743   5.627302  
7   0.175667  0.128802   5.812952  
8   0.171742  0.150660   5.512902  
9   0.303244  0.296562   7.212903  
10 -0.024900  0.025649   4.237196  
11  0.237338  0.187635   5.822575  
12  0.268057  0.211082   6.366881  
13  0.591809  0.578245   7.226714  
14  0.203501  0.252040   6.009491  
15  0.237986  0.190534   6.971656  
16  0.269114  0.228018   5.957389  
17  0.307806  0.341500   6.559052  
18  0.328888  0.401566   8.702892  
19  0.240694  0.169808   5.821159  

Correlation bw AllReg and gold:SpearmanrResult(correlation=0.5397508336245488, pvalue=1.869297280897933e-20)
 Correlation bw WW and gold:0.359328029361982
 Correlation bw CC and gold:0.4132816384354285
 Correlation bw AA and gold:0.4575965098809113
 Correlation bw WC and gold:0.4785495292383413
 Correlation bw CW and gold:0.4427598124171251
Current time: 22:45:57.630660
Current time: 22:45:57.630690
Loading model from: /data/glove_300_3
Loading W model...
Loading C model...
**** SIMILARITY ****
FA: similarity calculation...
0 pairs processed!
['tiger', 'cat', '7.35']
word0 = tiger
word1 = cat
(203, 7)
0.37592796300866915
               Wordpair  GoldSimilarity        WW        CC        BB  \
0             tiger-cat            7.35  0.121628  0.209585  0.211232   
1           tiger-tiger           10.00  1.000000  1.000000  1.000000   
2             plane-car            5.77  0.258294  0.156242  0.203107   
3             train-car            6.31  0.379566  0.372899  0.427849   
4      television-radio            6.77  0.604711  0.616481  0.650084   
5           media-radio            7.42  0.372172  0.375209  0.436414   
6          bread-butter            6.19  0.246745  0.325459  0.441221   
7       cucumber-potato            5.92  0.052292  0.092620  0.106504   
8          doctor-nurse            7.00  0.159856  0.247451  0.286369   
9      professor-doctor            6.62  0.293942  0.272641  0.323712   
10    student-professor            6.81  0.239177  0.180537  0.240469   
11         smart-stupid            5.81  0.143154  0.171115  0.172387   
12          wood-forest            7.73  0.288366  0.291594  0.324243   
13           money-cash            9.15  0.383427  0.385315  0.416171   
14           king-queen            8.58  0.549174  0.542910  0.594519   
15            king-rook            5.92  0.080009  0.008361  0.116033   
16         bishop-rabbi            6.69  0.230575  0.150799  0.202754   
17             fuck-sex            9.44  0.012460 -0.012608 -0.014037   
18      football-soccer            9.03  0.461921  0.456017  0.514575   
19  football-basketball            6.81  0.601445  0.538273  0.637736   

          WC        CW  predicted  
0   0.049940  0.116933   6.405649  
1   0.154141  0.154141  14.239274  
2   0.052958  0.072680   4.976048  
3   0.213876  0.204999   6.944957  
4   0.355536  0.380401   7.159874  
5   0.291490  0.296205   5.972966  
6   0.220730  0.257005   8.907836  
7   0.009045  0.090453   5.199224  
8   0.144427  0.153923   7.010273  
9   0.125118  0.182295   6.236865  
10  0.105870  0.135221   5.359199  
11  0.041273  0.030276   5.847405  
12  0.166354  0.159878   6.057298  
13  0.145902  0.134649   7.546571  
14  0.280446  0.298880   7.775356  
15  0.102488  0.102785   4.751005  
16  0.122211 -0.007804   5.407264  
17 -0.076548  0.041860   3.577485  
18  0.241988  0.246512   7.592456  
19  0.273119  0.294557   8.570128  

Correlation bw AllReg and gold:SpearmanrResult(correlation=0.6337470613491899, pvalue=3.387124536577858e-24)
 Correlation bw WW and gold:0.5076003084703089
 Correlation bw CC and gold:0.5554874142297411
 Correlation bw AA and gold:0.5939078470043471
 Correlation bw WC and gold:0.5094171809260268
 Correlation bw CW and gold:0.5038058926429311
**** RELATEDNESS ****
FA: similarity calculation...
0 pairs processed!
['computer', 'keyboard', '7.62']
word0 = computer
word1 = keyboard
(252, 7)
0.20489004994832072
               Wordpair  GoldSimilarity        WW        CC        BB  \
0     computer-keyboard            7.62  0.152219  0.179489  0.178820   
1      jerusalem-israel            8.46  0.374234  0.328677  0.385197   
2         planet-galaxy            8.11  0.173388  0.199629  0.159561   
3      canyon-landscape            7.53  0.199193  0.084569  0.107841   
4          opec-country            5.63 -0.045343 -0.032806 -0.049124   
5            day-summer            3.94  0.368404  0.408482  0.419022   
6              day-dawn            7.53  0.126324  0.096627  0.156818   
7       country-citizen            7.31  0.081991  0.085826  0.118696   
8         planet-people            5.75  0.050425  0.008775  0.099094   
9   environment-ecology            8.81  0.172540  0.165598  0.221174   
10    maradona-football            8.62 -0.046555 -0.008305 -0.014754   
11             opec-oil            8.59 -0.026109 -0.058571  0.023739   
12           money-bank            8.50  0.148476  0.150006  0.246256   
13    computer-software            8.50  0.447100  0.454023  0.509235   
14           law-lawyer            8.38  0.178912  0.224111  0.202670   
15     weather-forecast            8.34  0.130324  0.106439  0.190681   
16     network-hardware            8.31  0.192590  0.144411  0.186060   
17   nature-environment            8.31  0.301437  0.309103  0.331876   
18    fbi-investigation            8.31  0.185655  0.232048  0.329189   
19         money-wealth            8.27  0.236632  0.253746  0.266980   

          WC        CW  predicted  
0   0.058095  0.100090   5.322339  
1   0.173322  0.195935   6.365252  
2  -0.034101  0.017219   5.487285  
3   0.017974 -0.056190   5.325756  
4  -0.010811 -0.028804   4.148376  
5   0.253643  0.240208   6.154163  
6   0.083889  0.113700   5.443546  
7   0.093797  0.049255   5.758711  
8   0.091607  0.095824   5.570766  
9   0.122992  0.103467   6.455535  
10  0.029829 -0.012155   4.826332  
11  0.080619  0.059076   5.217270  
12  0.199015  0.155098   6.952573  
13  0.285315  0.260638   7.374199  
14  0.071956  0.073565   5.712561  
15  0.113934  0.097589   6.635395  
16  0.089103  0.109014   5.133561  
17  0.148868  0.157020   6.338040  
18  0.198126  0.182879   8.137764  
19  0.110965  0.106379   6.303631  

Correlation bw AllReg and gold:SpearmanrResult(correlation=0.4606383606784271, pvalue=1.2185406595914972e-14)
 Correlation bw WW and gold:0.2877512069229328
 Correlation bw CC and gold:0.3140690438095551
 Correlation bw AA and gold:0.3936250927418043
 Correlation bw WC and gold:0.42819578645160805
 Correlation bw CW and gold:0.3533925674359677
Current time: 22:46:40.352872
Current time: 22:46:40.352909
Loading model from: /data/glove_300_6
Loading W model...
Loading C model...
**** SIMILARITY ****
FA: similarity calculation...
0 pairs processed!
['tiger', 'cat', '7.35']
word0 = tiger
word1 = cat
(203, 7)
0.38965509414421784
               Wordpair  GoldSimilarity        WW        CC        BB  \
0             tiger-cat            7.35  0.161594  0.254749  0.249841   
1           tiger-tiger           10.00  1.000000  1.000000  1.000000   
2             plane-car            5.77  0.269855  0.225930  0.218734   
3             train-car            6.31  0.408430  0.424395  0.458537   
4      television-radio            6.77  0.613378  0.619984  0.643031   
5           media-radio            7.42  0.377661  0.393303  0.414432   
6          bread-butter            6.19  0.278056  0.349972  0.423557   
7       cucumber-potato            5.92  0.103422  0.138637  0.133237   
8          doctor-nurse            7.00  0.305744  0.232835  0.346388   
9      professor-doctor            6.62  0.326574  0.300980  0.336893   
10    student-professor            6.81  0.249450  0.240320  0.267573   
11         smart-stupid            5.81  0.166050  0.167684  0.176399   
12          wood-forest            7.73  0.288493  0.291358  0.308839   
13           money-cash            9.15  0.413114  0.411858  0.429693   
14           king-queen            8.58  0.532510  0.526678  0.574741   
15            king-rook            5.92 -0.031410 -0.023561  0.068555   
16         bishop-rabbi            6.69  0.150091  0.180085  0.148881   
17             fuck-sex            9.44 -0.004775  0.026997 -0.038271   
18      football-soccer            9.03  0.496780  0.480732  0.541937   
19  football-basketball            6.81  0.598256  0.616261  0.660083   

          WC        CW  predicted  
0   0.113190  0.105006   6.475985  
1   0.286104  0.286104  13.170650  
2   0.063985  0.050595   5.103052  
3   0.226900  0.203734   7.389853  
4   0.417062  0.417982   6.862299  
5   0.284369  0.294171   5.766299  
6   0.224881  0.228274   8.300571  
7   0.012291  0.043583   5.710787  
8   0.176734  0.162921   6.890661  
9   0.165103  0.163993   6.197061  
10  0.132977  0.155091   5.796880  
11  0.034681  0.045378   5.788917  
12  0.150624  0.147354   6.049271  
13  0.186781  0.211651   7.159886  
14  0.376419  0.304438   6.712485  
15  0.113098  0.122436   4.652807  
16 -0.043434  0.107939   6.381872  
17 -0.042335 -0.072972   3.046529  
18  0.247752  0.264892   8.347633  
19  0.307708  0.282207   9.143343  

Correlation bw AllReg and gold:SpearmanrResult(correlation=0.6334551280331703, pvalue=3.605808556330724e-24)
 Correlation bw WW and gold:0.5245618493153
 Correlation bw CC and gold:0.5506012969110081
 Correlation bw AA and gold:0.5850716639084176
 Correlation bw WC and gold:0.4977979480361037
 Correlation bw CW and gold:0.5499406812253721
**** RELATEDNESS ****
FA: similarity calculation...
0 pairs processed!
['computer', 'keyboard', '7.62']
word0 = computer
word1 = keyboard
(252, 7)
0.23008248641196227
               Wordpair  GoldSimilarity        WW        CC        BB  \
0     computer-keyboard            7.62  0.212018  0.201020  0.234445   
1      jerusalem-israel            8.46  0.403730  0.430979  0.418543   
2         planet-galaxy            8.11  0.263941  0.256548  0.275313   
3      canyon-landscape            7.53  0.097228  0.119155  0.090251   
4          opec-country            5.63 -0.069768 -0.000256 -0.050577   
5            day-summer            3.94  0.391072  0.412358  0.412723   
6              day-dawn            7.53  0.109416  0.054024  0.141528   
7       country-citizen            7.31  0.108656  0.114733  0.152720   
8         planet-people            5.75  0.049600  0.035447  0.103768   
9   environment-ecology            8.81  0.199447  0.213907  0.239924   
10    maradona-football            8.62  0.002577  0.102265  0.080685   
11             opec-oil            8.59 -0.027020 -0.072796  0.045577   
12           money-bank            8.50  0.194917  0.206328  0.265773   
13    computer-software            8.50  0.545327  0.560481  0.590022   
14           law-lawyer            8.38  0.233171  0.248433  0.258753   
15     weather-forecast            8.34 -0.027803  0.088095  0.117127   
16     network-hardware            8.31  0.202770  0.222268  0.208993   
17   nature-environment            8.31  0.319871  0.324354  0.310548   
18    fbi-investigation            8.31  0.284783  0.281273  0.405730   
19         money-wealth            8.27  0.266075  0.303898  0.288528   

          WC        CW  predicted  
0   0.114698  0.107913   6.264289  
1   0.235309  0.184043   6.627509  
2   0.071439  0.083716   7.008346  
3  -0.037933  0.037500   5.227465  
4  -0.027740 -0.025922   3.780259  
5   0.260264  0.285438   6.056947  
6   0.137075  0.112726   5.493124  
7   0.106991  0.093561   5.672472  
8   0.101762  0.102045   5.464913  
9   0.133075  0.109324   6.305353  
10  0.082055  0.019825   5.185677  
11  0.099796  0.105277   5.416447  
12  0.188350  0.187495   6.435252  
13  0.312757  0.313754   8.213719  
14  0.131340  0.151698   6.039421  
15  0.112468  0.128325   6.110844  
16  0.110872  0.094555   5.422480  
17  0.144181  0.144779   5.975462  
18  0.215798  0.240366   8.878933  
19  0.120169  0.130404   6.336972  

Correlation bw AllReg and gold:SpearmanrResult(correlation=0.5008644381109245, pvalue=2.078785763383424e-17)
 Correlation bw WW and gold:0.374314622235118
 Correlation bw CC and gold:0.3667692083001921
 Correlation bw AA and gold:0.46055445912224646
 Correlation bw WC and gold:0.4465516409213414
 Correlation bw CW and gold:0.4483240104792798
Current time: 22:47:21.803490
Qualitative experiments
Current time:  22:47:21.826414
